nohup: ignoring input
[INFO] Scanning for projects...
[INFO] 
[INFO] --------------------------< com.example:demo >--------------------------
[INFO] Building demo 0.0.1-SNAPSHOT
[INFO] --------------------------------[ jar ]---------------------------------
[INFO] 
[INFO] >>> spring-boot-maven-plugin:3.3.2:run (default-cli) > test-compile @ demo >>>
[INFO] 
[INFO] --- maven-resources-plugin:3.3.1:resources (default-resources) @ demo ---
[INFO] Copying 1 resource from src/main/resources to target/classes
[INFO] Copying 1 resource from src/main/resources to target/classes
[INFO] 
[INFO] --- maven-compiler-plugin:3.13.0:compile (default-compile) @ demo ---
[INFO] Nothing to compile - all classes are up to date.
[INFO] 
[INFO] --- maven-resources-plugin:3.3.1:testResources (default-testResources) @ demo ---
[INFO] skip non existing resourceDirectory /opt/new/demo/src/test/resources
[INFO] 
[INFO] --- maven-compiler-plugin:3.13.0:testCompile (default-testCompile) @ demo ---
[INFO] Nothing to compile - all classes are up to date.
[INFO] 
[INFO] <<< spring-boot-maven-plugin:3.3.2:run (default-cli) < test-compile @ demo <<<
[INFO] 
[INFO] 
[INFO] --- spring-boot-maven-plugin:3.3.2:run (default-cli) @ demo ---
[INFO] Attaching agents: []

  .   ____          _            __ _ _
 /\\ / ___'_ __ _ _(_)_ __  __ _ \ \ \ \
( ( )\___ | '_ | '_| | '_ \/ _` | \ \ \ \
 \\/  ___)| |_)| | | | | || (_| |  ) ) ) )
  '  |____| .__|_| |_|_| |_\__, | / / / /
 =========|_|==============|___/=/_/_/_/

 :: Spring Boot ::                (v3.3.2)

2024-08-11T02:13:40.370Z  INFO 9687 --- [demo] [           main] com.example.demo.DemoApplication         : Starting DemoApplication using Java 17.0.12 with PID 9687 (/opt/new/demo/target/classes started by root in /opt/new/demo)
2024-08-11T02:13:40.375Z  INFO 9687 --- [demo] [           main] com.example.demo.DemoApplication         : No active profile set, falling back to 1 default profile: "default"
2024-08-11T02:13:41.002Z  INFO 9687 --- [demo] [           main] o.s.b.w.embedded.tomcat.TomcatWebServer  : Tomcat initialized with port 8080 (http)
2024-08-11T02:13:41.023Z  INFO 9687 --- [demo] [           main] o.apache.catalina.core.StandardService   : Starting service [Tomcat]
2024-08-11T02:13:41.024Z  INFO 9687 --- [demo] [           main] o.apache.catalina.core.StandardEngine    : Starting Servlet engine: [Apache Tomcat/10.1.26]
2024-08-11T02:13:41.061Z  INFO 9687 --- [demo] [           main] o.a.c.c.C.[Tomcat].[localhost].[/]       : Initializing Spring embedded WebApplicationContext
2024-08-11T02:13:41.062Z  INFO 9687 --- [demo] [           main] w.s.c.ServletWebServerApplicationContext : Root WebApplicationContext: initialization completed in 629 ms
2024-08-11T02:13:41.266Z  INFO 9687 --- [demo] [           main] o.s.b.w.embedded.tomcat.TomcatWebServer  : Tomcat started on port 8080 (http) with context path '/'
2024-08-11T02:13:41.272Z  INFO 9687 --- [demo] [           main] com.example.demo.DemoApplication         : Started DemoApplication in 1.202 seconds (process running for 1.431)
2024-08-11T02:19:19.697Z  INFO 9687 --- [demo] [nio-8080-exec-1] o.a.c.c.C.[Tomcat].[localhost].[/]       : Initializing Spring DispatcherServlet 'dispatcherServlet'
2024-08-11T02:19:19.697Z  INFO 9687 --- [demo] [nio-8080-exec-1] o.s.web.servlet.DispatcherServlet        : Initializing Servlet 'dispatcherServlet'
2024-08-11T02:19:19.698Z  INFO 9687 --- [demo] [nio-8080-exec-1] o.s.web.servlet.DispatcherServlet        : Completed initialization in 1 ms
2024-08-11T02:19:19.711Z ERROR 9687 --- [demo] [nio-8080-exec-1] c.e.d.exception.CustomExceptionHandler   : An exception occurred: org.springframework.web.servlet.resource.NoResourceFoundException: No static resource . 	at org.springframework.web.servlet.resource.ResourceHttpRequestHandler.handleRequest(ResourceHttpRequestHandler.java:585) 	at org.springframework.web.servlet.mvc.HttpRequestHandlerAdapter.handle(HttpRequestHandlerAdapter.java:52) 	at org.springframework.web.servlet.DispatcherServlet.doDispatch(DispatcherServlet.java:1089) 	at org.springframework.web.servlet.DispatcherServlet.doService(DispatcherServlet.java:979) 	at org.springframework.web.servlet.FrameworkServlet.processRequest(FrameworkServlet.java:1014) 	at org.springframework.web.servlet.FrameworkServlet.doGet(FrameworkServlet.java:903) 	at jakarta.servlet.http.HttpServlet.service(HttpServlet.java:564) 	at org.springframework.web.servlet.FrameworkServlet.service(FrameworkServlet.java:885) 	at jakarta.servlet.http.HttpServlet.service(HttpServlet.java:658) 	at org.apache.catalina.core.ApplicationFilterChain.internalDoFilter(ApplicationFilterChain.java:195) 	at org.apache.catalina.core.ApplicationFilterChain.doFilter(ApplicationFilterChain.java:140) 	at org.apache.tomcat.websocket.server.WsFilter.doFilter(WsFilter.java:51) 	at org.apache.catalina.core.ApplicationFilterChain.internalDoFilter(ApplicationFilterChain.java:164) 	at org.apache.catalina.core.ApplicationFilterChain.doFilter(ApplicationFilterChain.java:140) 	at org.springframework.web.filter.RequestContextFilter.doFilterInternal(RequestContextFilter.java:100) 	at org.springframework.web.filter.OncePerRequestFilter.doFilter(OncePerRequestFilter.java:116) 	at org.apache.catalina.core.ApplicationFilterChain.internalDoFilter(ApplicationFilterChain.java:164) 	at org.apache.catalina.core.ApplicationFilterChain.doFilter(ApplicationFilterChain.java:140) 	at org.springframework.web.filter.FormContentFilter.doFilterInternal(FormContentFilter.java:93) 	at org.springframework.web.filter.OncePerRequestFilter.doFilter(OncePerRequestFilter.java:116) 	at org.apache.catalina.core.ApplicationFilterChain.internalDoFilter(ApplicationFilterChain.java:164) 	at org.apache.catalina.core.ApplicationFilterChain.doFilter(ApplicationFilterChain.java:140) 	at org.springframework.web.filter.CharacterEncodingFilter.doFilterInternal(CharacterEncodingFilter.java:201) 	at org.springframework.web.filter.OncePerRequestFilter.doFilter(OncePerRequestFilter.java:116) 	at org.apache.catalina.core.ApplicationFilterChain.internalDoFilter(ApplicationFilterChain.java:164) 	at org.apache.catalina.core.ApplicationFilterChain.doFilter(ApplicationFilterChain.java:140) 	at org.apache.catalina.core.StandardWrapperValve.invoke(StandardWrapperValve.java:167) 	at org.apache.catalina.core.StandardContextValve.invoke(StandardContextValve.java:90) 	at org.apache.catalina.authenticator.AuthenticatorBase.invoke(AuthenticatorBase.java:483) 	at org.apache.catalina.core.StandardHostValve.invoke(StandardHostValve.java:115) 	at org.apache.catalina.valves.ErrorReportValve.invoke(ErrorReportValve.java:93) 	at org.apache.catalina.core.StandardEngineValve.invoke(StandardEngineValve.java:74) 	at org.apache.catalina.connector.CoyoteAdapter.service(CoyoteAdapter.java:344) 	at org.apache.coyote.http11.Http11Processor.service(Http11Processor.java:389) 	at org.apache.coyote.AbstractProcessorLight.process(AbstractProcessorLight.java:63) 	at org.apache.coyote.AbstractProtocol$ConnectionHandler.process(AbstractProtocol.java:904) 	at org.apache.tomcat.util.net.NioEndpoint$SocketProcessor.doRun(NioEndpoint.java:1741) 	at org.apache.tomcat.util.net.SocketProcessorBase.run(SocketProcessorBase.java:52) 	at org.apache.tomcat.util.threads.ThreadPoolExecutor.runWorker(ThreadPoolExecutor.java:1190) 	at org.apache.tomcat.util.threads.ThreadPoolExecutor$Worker.run(ThreadPoolExecutor.java:659) 	at org.apache.tomcat.util.threads.TaskThread$WrappingRunnable.run(TaskThread.java:63) 	at java.base/java.lang.Thread.run(Thread.java:840) 
